<?xml version="1.0" encoding="UTF-8"?>
<!-- Generated by org.testng.reporters.JUnitReportReporter -->
<testsuite hostname="KNPC13" failures="0" tests="5" name="com.flipkart.testcases.GoogleSearchTest" time="12.890" errors="0" timestamp="21 Mar 2021 16:42:42 GMT" skipped="0">
  <testcase classname="com.flipkart.testcases.GoogleSearchTest" name="VerifyGoogleSearch" time="0.159"/>
  <testcase classname="com.flipkart.testcases.GoogleSearchTest" name="searchFlipkart" time="0.251"/>
  <testcase classname="com.flipkart.testcases.GoogleSearchTest" name="PrintSearchOptionsAndSubmitSearch" time="9.323"/>
  <testcase classname="com.flipkart.testcases.GoogleSearchTest" name="verifyTitleAfterFlipkartSearch" time="0.080"/>
  <testcase classname="com.flipkart.testcases.GoogleSearchTest" name="clickOnFlipkartLink" time="3.077"/>
</testsuite> <!-- com.flipkart.testcases.GoogleSearchTest -->
