<?xml version="1.0" encoding="UTF-8"?>
<!-- Generated by org.testng.reporters.JUnitReportReporter -->
<testsuite hostname="KNPC13" failures="0" tests="5" name="com.flipkart.testcases.GoogleSearchTest" time="6.607" errors="0" timestamp="22 Mar 2021 14:48:41 GMT" skipped="0">
  <testcase classname="com.flipkart.testcases.GoogleSearchTest" name="VerifyGoogleSearch" time="0.085"/>
  <testcase classname="com.flipkart.testcases.GoogleSearchTest" name="searchFlipkart" time="0.112"/>
  <testcase classname="com.flipkart.testcases.GoogleSearchTest" name="PrintSearchOptionsAndSubmitSearch" time="3.866"/>
  <testcase classname="com.flipkart.testcases.GoogleSearchTest" name="verifyTitleAfterFlipkartSearch" time="0.009"/>
  <testcase classname="com.flipkart.testcases.GoogleSearchTest" name="clickOnFlipkartLink" time="2.535"/>
</testsuite> <!-- com.flipkart.testcases.GoogleSearchTest -->
