<?xml version="1.0" encoding="UTF-8"?>
<!-- Generated by org.testng.reporters.JUnitReportReporter -->
<testsuite hostname="KNPC13" failures="0" tests="1" name="com.flipkart.testcases.MyCartTest" time="13.230" errors="0" timestamp="22 Mar 2021 14:48:41 GMT" skipped="0">
  <testcase classname="com.flipkart.testcases.MyCartTest" name="VerifyPincode" time="13.230"/>
</testsuite> <!-- com.flipkart.testcases.MyCartTest -->
