<?xml version="1.0" encoding="UTF-8"?>
<!-- Generated by org.testng.reporters.JUnitReportReporter -->
<testsuite hostname="KNPC13" failures="0" tests="1" name="com.flipkart.testcases.AddToCartTest" time="42.898" errors="0" timestamp="21 Mar 2021 16:42:42 GMT" skipped="0">
  <testcase classname="com.flipkart.testcases.AddToCartTest" name="VerifyAddToCart" time="42.898"/>
</testsuite> <!-- com.flipkart.testcases.AddToCartTest -->
