<?xml version="1.0" encoding="UTF-8"?>
<!-- Generated by org.testng.reporters.JUnitReportReporter -->
<testsuite hostname="KNPC13" failures="0" tests="2" name="com.flipkart.testcases.AddToCartTest" time="52.373" errors="0" timestamp="22 Mar 2021 14:48:41 GMT" skipped="0">
  <testcase classname="com.flipkart.testcases.AddToCartTest" name="verifyProductNameandPrice" time="0.253"/>
  <testcase classname="com.flipkart.testcases.AddToCartTest" name="VerifyAddToCart" time="52.120"/>
</testsuite> <!-- com.flipkart.testcases.AddToCartTest -->
