<?xml version="1.0" encoding="UTF-8"?>
<!-- Generated by org.testng.reporters.JUnitReportReporter -->
<testsuite hostname="KNPC13" failures="0" tests="3" name="com.flipkart.testcases.FlipkartTest" time="36.536" errors="0" timestamp="21 Mar 2021 16:42:42 GMT" skipped="0">
  <testcase classname="com.flipkart.testcases.FlipkartTest" name="CloseLoginPopup" time="2.439"/>
  <testcase classname="com.flipkart.testcases.FlipkartTest" name="goToWindowsAc" time="0.725"/>
  <testcase classname="com.flipkart.testcases.FlipkartTest" name="CompareSelectedItem" time="33.372"/>
</testsuite> <!-- com.flipkart.testcases.FlipkartTest -->
