<?xml version="1.0" encoding="UTF-8"?>
<!-- Generated by org.testng.reporters.JUnitReportReporter -->
<testsuite hostname="KNPC13" failures="0" tests="3" name="com.flipkart.testcases.FlipkartTest" time="33.911" errors="0" timestamp="22 Mar 2021 14:48:41 GMT" skipped="0">
  <testcase classname="com.flipkart.testcases.FlipkartTest" name="CloseLoginPopup" time="0.351"/>
  <testcase classname="com.flipkart.testcases.FlipkartTest" name="goToWindowsAc" time="0.600"/>
  <testcase classname="com.flipkart.testcases.FlipkartTest" name="CompareSelectedItem" time="32.960"/>
</testsuite> <!-- com.flipkart.testcases.FlipkartTest -->
